<?xml version="1.0" encoding="UTF-8"?>
<!-- Generated by org.testng.reporters.JUnitReportReporter -->
<testsuite skipped="0" hostname="DESKTOP-L47DOCI" name="dia.qa.ecom.testcases.HomePageTest" tests="3" failures="0" timestamp="2020-06-16T22:34:13 GMT-11:00" time="78.928" errors="0">
  <testcase name="addtocartTest" time="27.713" classname="dia.qa.ecom.testcases.HomePageTest"/>
  <system-out/>
  <testcase name="ValidateQtyPrice" time="29.464" classname="dia.qa.ecom.testcases.HomePageTest"/>
  <system-out/>
  <testcase name="validatelogo" time="21.751" classname="dia.qa.ecom.testcases.HomePageTest"/>
  <system-out/>
</testsuite> <!-- dia.qa.ecom.testcases.HomePageTest -->
