<?xml version="1.0" encoding="UTF-8"?>
<!-- Generated by org.testng.reporters.JUnitReportReporter -->
<testsuite skipped="0" hostname="DESKTOP-L47DOCI" name="dia.qa.ecom.testcases.FeaturedCollectionTest" tests="1" failures="0" timestamp="2020-06-16T22:34:13 GMT-11:00" time="26.129" errors="0">
  <testcase name="AddFeaturedCollection" time="26.129" classname="dia.qa.ecom.testcases.FeaturedCollectionTest"/>
  <system-out/>
</testsuite> <!-- dia.qa.ecom.testcases.FeaturedCollectionTest -->
